# JRE version: OpenJDK Runtime Environment Temurin-21.0.8+9 (21.0.8+9) (build 21.0.8+9-LTS)
# Java VM: OpenJDK 64-Bit Server VM Temurin-21.0.8+9 (21.0.8+9-LTS, mixed mode, sharing, tiered, compressed oops, compressed class ptrs, parallel gc, windows-amd64)
GC Precious Log:
 CardTable entry size: 512
 CPUs: 12 total, 12 available
 Memory: 7532M
 Large Page Support: Disabled
 NUMA Support: Disabled
 Compressed Oops: Enabled (32-bit)
 Alignments: Space 512K, Generation 512K, Heap 2M
 Heap Min Capacity: 100M
 Heap Initial Capacity: 100M
 Heap Max Capacity: 2G
 Pre-touch: Disabled
 Parallel Workers: 10
Heap:
 PSYoungGen      total 22528K, used 21551K [0x00000000d5580000, 0x00000000d7000000, 0x0000000100000000)
  eden space 20480K, 96% used [0x00000000d5580000,0x00000000d68c3f50,0x00000000d6980000)
  from space 2048K, 89% used [0x00000000d6e00000,0x00000000d6fc8020,0x00000000d7000000)
  to   space 2560K, 0% used [0x00000000d6b00000,0x00000000d6b00000,0x00000000d6d80000)
 ParOldGen       total 1341952K, used 462692K [0x0000000080000000, 0x00000000d1e80000, 0x00000000d5580000)
  object space 1341952K, 34% used [0x0000000080000000,0x000000009c3d9040,0x00000000d1e80000)
 Metaspace       used 93526K, committed 95040K, reserved 1179648K
  class space    used 9433K, committed 10112K, reserved 1048576K
GC Heap History (20 events):
Event: 12764.404 GC heap before
{Heap before GC invocations=3321 (full 6):
 PSYoungGen      total 25600K, used 25216K [0x00000000d5580000, 0x00000000d7580000, 0x0000000100000000)
  eden space 22016K, 100% used [0x00000000d5580000,0x00000000d6b00000,0x00000000d6b00000)
  from space 3584K, 89% used [0x00000000d7200000,0x00000000d7520010,0x00000000d7580000)
  to   space 4096K, 0% used [0x00000000d6d80000,0x00000000d6d80000,0x00000000d7180000)
 ParOldGen       total 1341952K, used 439064K [0x0000000080000000, 0x00000000d1e80000, 0x00000000d5580000)
  object space 1341952K, 32% used [0x0000000080000000,0x000000009acc6158,0x00000000d1e80000)
 Metaspace       used 93445K, committed 94976K, reserved 1179648K
  class space    used 9433K, committed 10112K, reserved 1048576K
}
Event: 12764.417 GC heap after
{Heap after GC invocations=3321 (full 6):
 PSYoungGen      total 24576K, used 2176K [0x00000000d5580000, 0x00000000d7280000, 0x0000000100000000)
  eden space 22016K, 0% used [0x00000000d5580000,0x00000000d5580000,0x00000000d6b00000)
  from space 2560K, 85% used [0x00000000d6d80000,0x00000000d6fa0010,0x00000000d7000000)
  to   space 2560K, 0% used [0x00000000d7000000,0x00000000d7000000,0x00000000d7280000)
 ParOldGen       total 1341952K, used 442171K [0x0000000080000000, 0x00000000d1e80000, 0x00000000d5580000)
  object space 1341952K, 32% used [0x0000000080000000,0x000000009afcec70,0x00000000d1e80000)
 Metaspace       used 93445K, committed 94976K, reserved 1179648K
  class space    used 9433K, committed 10112K, reserved 1048576K
}
Event: 12764.482 GC heap before
{Heap before GC invocations=3322 (full 6):
 PSYoungGen      total 24576K, used 24192K [0x00000000d5580000, 0x00000000d7280000, 0x0000000100000000)
  eden space 22016K, 100% used [0x00000000d5580000,0x00000000d6b00000,0x00000000d6b00000)
  from space 2560K, 85% used [0x00000000d6d80000,0x00000000d6fa0010,0x00000000d7000000)
  to   space 2560K, 0% used [0x00000000d7000000,0x00000000d7000000,0x00000000d7280000)
 ParOldGen       total 1341952K, used 442171K [0x0000000080000000, 0x00000000d1e80000, 0x00000000d5580000)
  object space 1341952K, 32% used [0x0000000080000000,0x000000009afcec70,0x00000000d1e80000)
 Metaspace       used 93453K, committed 94976K, reserved 1179648K
  class space    used 9433K, committed 10112K, reserved 1048576K
}
Event: 12764.495 GC heap after
{Heap after GC invocations=3322 (full 6):
 PSYoungGen      total 23040K, used 2545K [0x00000000d5580000, 0x00000000d7800000, 0x0000000100000000)
  eden space 20480K, 0% used [0x00000000d5580000,0x00000000d5580000,0x00000000d6980000)
  from space 2560K, 99% used [0x00000000d7000000,0x00000000d727c4c8,0x00000000d7280000)
  to   space 6656K, 0% used [0x00000000d6980000,0x00000000d6980000,0x00000000d7000000)
 ParOldGen       total 1341952K, used 445591K [0x0000000080000000, 0x00000000d1e80000, 0x00000000d5580000)
  object space 1341952K, 33% used [0x0000000080000000,0x000000009b325f10,0x00000000d1e80000)
 Metaspace       used 93453K, committed 94976K, reserved 1179648K
  class space    used 9433K, committed 10112K, reserved 1048576K
}
Event: 12764.582 GC heap before
{Heap before GC invocations=3323 (full 6):
 PSYoungGen      total 23040K, used 23025K [0x00000000d5580000, 0x00000000d7800000, 0x0000000100000000)
  eden space 20480K, 100% used [0x00000000d5580000,0x00000000d6980000,0x00000000d6980000)
  from space 2560K, 99% used [0x00000000d7000000,0x00000000d727c4c8,0x00000000d7280000)
  to   space 6656K, 0% used [0x00000000d6980000,0x00000000d6980000,0x00000000d7000000)
 ParOldGen       total 1341952K, used 445591K [0x0000000080000000, 0x00000000d1e80000, 0x00000000d5580000)
  object space 1341952K, 33% used [0x0000000080000000,0x000000009b325f10,0x00000000d1e80000)
 Metaspace       used 93481K, committed 95040K, reserved 1179648K
  class space    used 9433K, committed 10112K, reserved 1048576K
}
Event: 12764.596 GC heap after
{Heap after GC invocations=3323 (full 6):
 PSYoungGen      total 22528K, used 1952K [0x00000000d5580000, 0x00000000d7080000, 0x0000000100000000)
  eden space 20480K, 0% used [0x00000000d5580000,0x00000000d5580000,0x00000000d6980000)
  from space 2048K, 95% used [0x00000000d6980000,0x00000000d6b68060,0x00000000d6b80000)
  to   space 3584K, 0% used [0x00000000d6d00000,0x00000000d6d00000,0x00000000d7080000)
 ParOldGen       total 1341952K, used 448183K [0x0000000080000000, 0x00000000d1e80000, 0x00000000d5580000)
  object space 1341952K, 33% used [0x0000000080000000,0x000000009b5adea0,0x00000000d1e80000)
 Metaspace       used 93481K, committed 95040K, reserved 1179648K
  class space    used 9433K, committed 10112K, reserved 1048576K
}
Event: 12764.661 GC heap before
{Heap before GC invocations=3324 (full 6):
 PSYoungGen      total 22528K, used 22432K [0x00000000d5580000, 0x00000000d7080000, 0x0000000100000000)
  eden space 20480K, 100% used [0x00000000d5580000,0x00000000d6980000,0x00000000d6980000)
  from space 2048K, 95% used [0x00000000d6980000,0x00000000d6b68060,0x00000000d6b80000)
  to   space 3584K, 0% used [0x00000000d6d00000,0x00000000d6d00000,0x00000000d7080000)
 ParOldGen       total 1341952K, used 448183K [0x0000000080000000, 0x00000000d1e80000, 0x00000000d5580000)
  object space 1341952K, 33% used [0x0000000080000000,0x000000009b5adea0,0x00000000d1e80000)
 Metaspace       used 93483K, committed 95040K, reserved 1179648K
  class space    used 9433K, committed 10112K, reserved 1048576K
}
Event: 12764.671 GC heap after
{Heap after GC invocations=3324 (full 6):
 PSYoungGen      total 22528K, used 1632K [0x00000000d5580000, 0x00000000d6f00000, 0x0000000100000000)
  eden space 20480K, 0% used [0x00000000d5580000,0x00000000d5580000,0x00000000d6980000)
  from space 2048K, 79% used [0x00000000d6d00000,0x00000000d6e98000,0x00000000d6f00000)
  to   space 2048K, 0% used [0x00000000d6980000,0x00000000d6980000,0x00000000d6b80000)
 ParOldGen       total 1341952K, used 450023K [0x0000000080000000, 0x00000000d1e80000, 0x00000000d5580000)
  object space 1341952K, 33% used [0x0000000080000000,0x000000009b779ea8,0x00000000d1e80000)
 Metaspace       used 93483K, committed 95040K, reserved 1179648K
  class space    used 9433K, committed 10112K, reserved 1048576K
}
Event: 12764.715 GC heap before
{Heap before GC invocations=3325 (full 6):
 PSYoungGen      total 22528K, used 22112K [0x00000000d5580000, 0x00000000d6f00000, 0x0000000100000000)
  eden space 20480K, 100% used [0x00000000d5580000,0x00000000d6980000,0x00000000d6980000)
  from space 2048K, 79% used [0x00000000d6d00000,0x00000000d6e98000,0x00000000d6f00000)
  to   space 2048K, 0% used [0x00000000d6980000,0x00000000d6980000,0x00000000d6b80000)
 ParOldGen       total 1341952K, used 450023K [0x0000000080000000, 0x00000000d1e80000, 0x00000000d5580000)
  object space 1341952K, 33% used [0x0000000080000000,0x000000009b779ea8,0x00000000d1e80000)
 Metaspace       used 93483K, committed 95040K, reserved 1179648K
  class space    used 9433K, committed 10112K, reserved 1048576K
}
Event: 12764.723 GC heap after
{Heap after GC invocations=3325 (full 6):
 PSYoungGen      total 22528K, used 1184K [0x00000000d5580000, 0x00000000d6d80000, 0x0000000100000000)
  eden space 20480K, 0% used [0x00000000d5580000,0x00000000d5580000,0x00000000d6980000)
  from space 2048K, 57% used [0x00000000d6980000,0x00000000d6aa8000,0x00000000d6b80000)
  to   space 1536K, 0% used [0x00000000d6c00000,0x00000000d6c00000,0x00000000d6d80000)
 ParOldGen       total 1341952K, used 451590K [0x0000000080000000, 0x00000000d1e80000, 0x00000000d5580000)
  object space 1341952K, 33% used [0x0000000080000000,0x000000009b901940,0x00000000d1e80000)
 Metaspace       used 93483K, committed 95040K, reserved 1179648K
  class space    used 9433K, committed 10112K, reserved 1048576K
}
Event: 12764.765 GC heap before
{Heap before GC invocations=3326 (full 6):
 PSYoungGen      total 22528K, used 21664K [0x00000000d5580000, 0x00000000d6d80000, 0x0000000100000000)
  eden space 20480K, 100% used [0x00000000d5580000,0x00000000d6980000,0x00000000d6980000)
  from space 2048K, 57% used [0x00000000d6980000,0x00000000d6aa8000,0x00000000d6b80000)
  to   space 1536K, 0% used [0x00000000d6c00000,0x00000000d6c00000,0x00000000d6d80000)
 ParOldGen       total 1341952K, used 451590K [0x0000000080000000, 0x00000000d1e80000, 0x00000000d5580000)
  object space 1341952K, 33% used [0x0000000080000000,0x000000009b901940,0x00000000d1e80000)
 Metaspace       used 93483K, committed 95040K, reserved 1179648K
  class space    used 9433K, committed 10112K, reserved 1048576K
}
Event: 12764.770 GC heap after
{Heap after GC invocations=3326 (full 6):
 PSYoungGen      total 22016K, used 1328K [0x00000000d5580000, 0x00000000d6d80000, 0x0000000100000000)
  eden space 20480K, 0% used [0x00000000d5580000,0x00000000d5580000,0x00000000d6980000)
  from space 1536K, 86% used [0x00000000d6c00000,0x00000000d6d4c348,0x00000000d6d80000)
  to   space 1536K, 0% used [0x00000000d6a80000,0x00000000d6a80000,0x00000000d6c00000)
 ParOldGen       total 1341952K, used 452670K [0x0000000080000000, 0x00000000d1e80000, 0x00000000d5580000)
  object space 1341952K, 33% used [0x0000000080000000,0x000000009ba0f9c0,0x00000000d1e80000)
 Metaspace       used 93483K, committed 95040K, reserved 1179648K
  class space    used 9433K, committed 10112K, reserved 1048576K
}
Event: 12764.850 GC heap before
{Heap before GC invocations=3327 (full 6):
 PSYoungGen      total 22016K, used 21808K [0x00000000d5580000, 0x00000000d6d80000, 0x0000000100000000)
  eden space 20480K, 100% used [0x00000000d5580000,0x00000000d6980000,0x00000000d6980000)
  from space 1536K, 86% used [0x00000000d6c00000,0x00000000d6d4c348,0x00000000d6d80000)
  to   space 1536K, 0% used [0x00000000d6a80000,0x00000000d6a80000,0x00000000d6c00000)
 ParOldGen       total 1341952K, used 452670K [0x0000000080000000, 0x00000000d1e80000, 0x00000000d5580000)
  object space 1341952K, 33% used [0x0000000080000000,0x000000009ba0f9c0,0x00000000d1e80000)
 Metaspace       used 93483K, committed 95040K, reserved 1179648K
  class space    used 9433K, committed 10112K, reserved 1048576K
}
Event: 12764.867 GC heap after
{Heap after GC invocations=3327 (full 6):
 PSYoungGen      total 22016K, used 1521K [0x00000000d5580000, 0x00000000d7580000, 0x0000000100000000)
  eden space 20480K, 0% used [0x00000000d5580000,0x00000000d5580000,0x00000000d6980000)
  from space 1536K, 99% used [0x00000000d6a80000,0x00000000d6bfc4b8,0x00000000d6c00000)
  to   space 6144K, 0% used [0x00000000d6f80000,0x00000000d6f80000,0x00000000d7580000)
 ParOldGen       total 1341952K, used 456451K [0x0000000080000000, 0x00000000d1e80000, 0x00000000d5580000)
  object space 1341952K, 34% used [0x0000000080000000,0x000000009bdc0fe0,0x00000000d1e80000)
 Metaspace       used 93483K, committed 95040K, reserved 1179648K
  class space    used 9433K, committed 10112K, reserved 1048576K
}
Event: 12764.954 GC heap before
{Heap before GC invocations=3328 (full 6):
 PSYoungGen      total 22016K, used 22001K [0x00000000d5580000, 0x00000000d7580000, 0x0000000100000000)
  eden space 20480K, 100% used [0x00000000d5580000,0x00000000d6980000,0x00000000d6980000)
  from space 1536K, 99% used [0x00000000d6a80000,0x00000000d6bfc4b8,0x00000000d6c00000)
  to   space 6144K, 0% used [0x00000000d6f80000,0x00000000d6f80000,0x00000000d7580000)
 ParOldGen       total 1341952K, used 456451K [0x0000000080000000, 0x00000000d1e80000, 0x00000000d5580000)
  object space 1341952K, 34% used [0x0000000080000000,0x000000009bdc0fe0,0x00000000d1e80000)
 Metaspace       used 93497K, committed 95040K, reserved 1179648K
  class space    used 9433K, committed 10112K, reserved 1048576K
}
Event: 12764.967 GC heap after
{Heap after GC invocations=3328 (full 6):
 PSYoungGen      total 23040K, used 2080K [0x00000000d5580000, 0x00000000d7200000, 0x0000000100000000)
  eden space 20480K, 0% used [0x00000000d5580000,0x00000000d5580000,0x00000000d6980000)
  from space 2560K, 81% used [0x00000000d6f80000,0x00000000d7188000,0x00000000d7200000)
  to   space 3584K, 0% used [0x00000000d6b00000,0x00000000d6b00000,0x00000000d6e80000)
 ParOldGen       total 1341952K, used 458031K [0x0000000080000000, 0x00000000d1e80000, 0x00000000d5580000)
  object space 1341952K, 34% used [0x0000000080000000,0x000000009bf4bdf0,0x00000000d1e80000)
 Metaspace       used 93497K, committed 95040K, reserved 1179648K
  class space    used 9433K, committed 10112K, reserved 1048576K
}
Event: 12765.008 GC heap before
{Heap before GC invocations=3329 (full 6):
 PSYoungGen      total 23040K, used 22560K [0x00000000d5580000, 0x00000000d7200000, 0x0000000100000000)
  eden space 20480K, 100% used [0x00000000d5580000,0x00000000d6980000,0x00000000d6980000)
  from space 2560K, 81% used [0x00000000d6f80000,0x00000000d7188000,0x00000000d7200000)
  to   space 3584K, 0% used [0x00000000d6b00000,0x00000000d6b00000,0x00000000d6e80000)
 ParOldGen       total 1341952K, used 458031K [0x0000000080000000, 0x00000000d1e80000, 0x00000000d5580000)
  object space 1341952K, 34% used [0x0000000080000000,0x000000009bf4bdf0,0x00000000d1e80000)
 Metaspace       used 93498K, committed 95040K, reserved 1179648K
  class space    used 9433K, committed 10112K, reserved 1048576K
}
Event: 12765.031 GC heap after
{Heap after GC invocations=3329 (full 6):
 PSYoungGen      total 23552K, used 2848K [0x00000000d5580000, 0x00000000d7000000, 0x0000000100000000)
  eden space 20480K, 0% used [0x00000000d5580000,0x00000000d5580000,0x00000000d6980000)
  from space 3072K, 92% used [0x00000000d6b00000,0x00000000d6dc8010,0x00000000d6e00000)
  to   space 2048K, 0% used [0x00000000d6e00000,0x00000000d6e00000,0x00000000d7000000)
 ParOldGen       total 1341952K, used 460005K [0x0000000080000000, 0x00000000d1e80000, 0x00000000d5580000)
  object space 1341952K, 34% used [0x0000000080000000,0x000000009c139548,0x00000000d1e80000)
 Metaspace       used 93498K, committed 95040K, reserved 1179648K
  class space    used 9433K, committed 10112K, reserved 1048576K
}
Event: 12765.151 GC heap before
{Heap before GC invocations=3330 (full 6):
 PSYoungGen      total 23552K, used 23328K [0x00000000d5580000, 0x00000000d7000000, 0x0000000100000000)
  eden space 20480K, 100% used [0x00000000d5580000,0x00000000d6980000,0x00000000d6980000)
  from space 3072K, 92% used [0x00000000d6b00000,0x00000000d6dc8010,0x00000000d6e00000)
  to   space 2048K, 0% used [0x00000000d6e00000,0x00000000d6e00000,0x00000000d7000000)
 ParOldGen       total 1341952K, used 460005K [0x0000000080000000, 0x00000000d1e80000, 0x00000000d5580000)
  object space 1341952K, 34% used [0x0000000080000000,0x000000009c139548,0x00000000d1e80000)
 Metaspace       used 93504K, committed 95040K, reserved 1179648K
  class space    used 9433K, committed 10112K, reserved 1048576K
}
Event: 12765.164 GC heap after
{Heap after GC invocations=3330 (full 6):
 PSYoungGen      total 22528K, used 1824K [0x00000000d5580000, 0x00000000d7000000, 0x0000000100000000)
  eden space 20480K, 0% used [0x00000000d5580000,0x00000000d5580000,0x00000000d6980000)
  from space 2048K, 89% used [0x00000000d6e00000,0x00000000d6fc8020,0x00000000d7000000)
  to   space 2560K, 0% used [0x00000000d6b00000,0x00000000d6b00000,0x00000000d6d80000)
 ParOldGen       total 1341952K, used 462692K [0x0000000080000000, 0x00000000d1e80000, 0x00000000d5580000)
  object space 1341952K, 34% used [0x0000000080000000,0x000000009c3d9040,0x00000000d1e80000)
 Metaspace       used 93504K, committed 95040K, reserved 1179648K
  class space    used 9433K, committed 10112K, reserved 1048576K
}

