# JRE version: OpenJDK Runtime Environment Temurin-21.0.8+9 (21.0.8+9) (build 21.0.8+9-LTS)
# Java VM: OpenJDK 64-Bit Server VM Temurin-21.0.8+9 (21.0.8+9-LTS, mixed mode, sharing, tiered, compressed oops, compressed class ptrs, parallel gc, windows-amd64)
GC Precious Log:
 CardTable entry size: 512
 CPUs: 12 total, 12 available
 Memory: 7532M
 Large Page Support: Disabled
 NUMA Support: Disabled
 Compressed Oops: Enabled (32-bit)
 Alignments: Space 512K, Generation 512K, Heap 2M
 Heap Min Capacity: 100M
 Heap Initial Capacity: 100M
 Heap Max Capacity: 2G
 Pre-touch: Disabled
 Parallel Workers: 10
Heap:
 PSYoungGen      total 22016K, used 2802K [0x00000000d5580000, 0x00000000d6e80000, 0x0000000100000000)
  eden space 21504K, 11% used [0x00000000d5580000,0x00000000d57fcaf8,0x00000000d6a80000)
  from space 512K, 50% used [0x00000000d6e00000,0x00000000d6e40000,0x00000000d6e80000)
  to   space 512K, 0% used [0x00000000d6d80000,0x00000000d6d80000,0x00000000d6e00000)
 ParOldGen       total 994816K, used 154885K [0x0000000080000000, 0x00000000bcb80000, 0x00000000d5580000)
  object space 994816K, 15% used [0x0000000080000000,0x0000000089741668,0x00000000bcb80000)
 Metaspace       used 77417K, committed 78784K, reserved 1179648K
  class space    used 7816K, committed 8384K, reserved 1048576K
GC Heap History (20 events):
Event: 3918.536 GC heap before
{Heap before GC invocations=1265 (full 4):
 PSYoungGen      total 24064K, used 23588K [0x00000000d5580000, 0x00000000d7280000, 0x0000000100000000)
  eden space 21504K, 100% used [0x00000000d5580000,0x00000000d6a80000,0x00000000d6a80000)
  from space 2560K, 81% used [0x00000000d7000000,0x00000000d7209220,0x00000000d7280000)
  to   space 3584K, 0% used [0x00000000d6b80000,0x00000000d6b80000,0x00000000d6f00000)
 ParOldGen       total 994816K, used 147381K [0x0000000080000000, 0x00000000bcb80000, 0x00000000d5580000)
  object space 994816K, 14% used [0x0000000080000000,0x0000000088fed480,0x00000000bcb80000)
 Metaspace       used 75037K, committed 76480K, reserved 1179648K
  class space    used 7480K, committed 8192K, reserved 1048576K
}
Event: 3918.546 GC heap after
{Heap after GC invocations=1265 (full 4):
 PSYoungGen      total 23552K, used 1780K [0x00000000d5580000, 0x00000000d7080000, 0x0000000100000000)
  eden space 21504K, 0% used [0x00000000d5580000,0x00000000d5580000,0x00000000d6a80000)
  from space 2048K, 86% used [0x00000000d6b80000,0x00000000d6d3d200,0x00000000d6d80000)
  to   space 2560K, 0% used [0x00000000d6e00000,0x00000000d6e00000,0x00000000d7080000)
 ParOldGen       total 994816K, used 149364K [0x0000000080000000, 0x00000000bcb80000, 0x00000000d5580000)
  object space 994816K, 15% used [0x0000000080000000,0x00000000891dd298,0x00000000bcb80000)
 Metaspace       used 75037K, committed 76480K, reserved 1179648K
  class space    used 7480K, committed 8192K, reserved 1048576K
}
Event: 3977.801 GC heap before
{Heap before GC invocations=1266 (full 4):
 PSYoungGen      total 23552K, used 23284K [0x00000000d5580000, 0x00000000d7080000, 0x0000000100000000)
  eden space 21504K, 100% used [0x00000000d5580000,0x00000000d6a80000,0x00000000d6a80000)
  from space 2048K, 86% used [0x00000000d6b80000,0x00000000d6d3d200,0x00000000d6d80000)
  to   space 2560K, 0% used [0x00000000d6e00000,0x00000000d6e00000,0x00000000d7080000)
 ParOldGen       total 994816K, used 149364K [0x0000000080000000, 0x00000000bcb80000, 0x00000000d5580000)
  object space 994816K, 15% used [0x0000000080000000,0x00000000891dd298,0x00000000bcb80000)
 Metaspace       used 75152K, committed 76608K, reserved 1179648K
  class space    used 7486K, committed 8192K, reserved 1048576K
}
Event: 3977.810 GC heap after
{Heap after GC invocations=1266 (full 4):
 PSYoungGen      total 23040K, used 1300K [0x00000000d5580000, 0x00000000d6f80000, 0x0000000100000000)
  eden space 21504K, 0% used [0x00000000d5580000,0x00000000d5580000,0x00000000d6a80000)
  from space 1536K, 84% used [0x00000000d6e00000,0x00000000d6f45200,0x00000000d6f80000)
  to   space 1536K, 0% used [0x00000000d6c80000,0x00000000d6c80000,0x00000000d6e00000)
 ParOldGen       total 994816K, used 150994K [0x0000000080000000, 0x00000000bcb80000, 0x00000000d5580000)
  object space 994816K, 15% used [0x0000000080000000,0x00000000893748b0,0x00000000bcb80000)
 Metaspace       used 75152K, committed 76608K, reserved 1179648K
  class space    used 7486K, committed 8192K, reserved 1048576K
}
Event: 3984.070 GC heap before
{Heap before GC invocations=1267 (full 4):
 PSYoungGen      total 23040K, used 22804K [0x00000000d5580000, 0x00000000d6f80000, 0x0000000100000000)
  eden space 21504K, 100% used [0x00000000d5580000,0x00000000d6a80000,0x00000000d6a80000)
  from space 1536K, 84% used [0x00000000d6e00000,0x00000000d6f45200,0x00000000d6f80000)
  to   space 1536K, 0% used [0x00000000d6c80000,0x00000000d6c80000,0x00000000d6e00000)
 ParOldGen       total 994816K, used 150994K [0x0000000080000000, 0x00000000bcb80000, 0x00000000d5580000)
  object space 994816K, 15% used [0x0000000080000000,0x00000000893748b0,0x00000000bcb80000)
 Metaspace       used 76627K, committed 77952K, reserved 1179648K
  class space    used 7702K, committed 8256K, reserved 1048576K
}
Event: 3984.091 GC heap after
{Heap after GC invocations=1267 (full 4):
 PSYoungGen      total 23040K, used 1279K [0x00000000d5580000, 0x00000000d6e80000, 0x0000000100000000)
  eden space 21504K, 0% used [0x00000000d5580000,0x00000000d5580000,0x00000000d6a80000)
  from space 1536K, 83% used [0x00000000d6c80000,0x00000000d6dbfc48,0x00000000d6e00000)
  to   space 512K, 0% used [0x00000000d6e00000,0x00000000d6e00000,0x00000000d6e80000)
 ParOldGen       total 994816K, used 152160K [0x0000000080000000, 0x00000000bcb80000, 0x00000000d5580000)
  object space 994816K, 15% used [0x0000000080000000,0x0000000089498220,0x00000000bcb80000)
 Metaspace       used 76627K, committed 77952K, reserved 1179648K
  class space    used 7702K, committed 8256K, reserved 1048576K
}
Event: 7181.366 GC heap before
{Heap before GC invocations=1268 (full 4):
 PSYoungGen      total 23040K, used 22783K [0x00000000d5580000, 0x00000000d6e80000, 0x0000000100000000)
  eden space 21504K, 100% used [0x00000000d5580000,0x00000000d6a80000,0x00000000d6a80000)
  from space 1536K, 83% used [0x00000000d6c80000,0x00000000d6dbfc48,0x00000000d6e00000)
  to   space 512K, 0% used [0x00000000d6e00000,0x00000000d6e00000,0x00000000d6e80000)
 ParOldGen       total 994816K, used 152160K [0x0000000080000000, 0x00000000bcb80000, 0x00000000d5580000)
  object space 994816K, 15% used [0x0000000080000000,0x0000000089498220,0x00000000bcb80000)
 Metaspace       used 76673K, committed 78016K, reserved 1179648K
  class space    used 7706K, committed 8256K, reserved 1048576K
}
Event: 7181.579 GC heap after
{Heap after GC invocations=1268 (full 4):
 PSYoungGen      total 22016K, used 320K [0x00000000d5580000, 0x00000000d6e80000, 0x0000000100000000)
  eden space 21504K, 0% used [0x00000000d5580000,0x00000000d5580000,0x00000000d6a80000)
  from space 512K, 62% used [0x00000000d6e00000,0x00000000d6e50000,0x00000000d6e80000)
  to   space 1024K, 0% used [0x00000000d6c80000,0x00000000d6c80000,0x00000000d6d80000)
 ParOldGen       total 994816K, used 153294K [0x0000000080000000, 0x00000000bcb80000, 0x00000000d5580000)
  object space 994816K, 15% used [0x0000000080000000,0x00000000895b3ad0,0x00000000bcb80000)
 Metaspace       used 76673K, committed 78016K, reserved 1179648K
  class space    used 7706K, committed 8256K, reserved 1048576K
}
Event: 17000.362 GC heap before
{Heap before GC invocations=1269 (full 4):
 PSYoungGen      total 22016K, used 21824K [0x00000000d5580000, 0x00000000d6e80000, 0x0000000100000000)
  eden space 21504K, 100% used [0x00000000d5580000,0x00000000d6a80000,0x00000000d6a80000)
  from space 512K, 62% used [0x00000000d6e00000,0x00000000d6e50000,0x00000000d6e80000)
  to   space 1024K, 0% used [0x00000000d6c80000,0x00000000d6c80000,0x00000000d6d80000)
 ParOldGen       total 994816K, used 153294K [0x0000000080000000, 0x00000000bcb80000, 0x00000000d5580000)
  object space 994816K, 15% used [0x0000000080000000,0x00000000895b3ad0,0x00000000bcb80000)
 Metaspace       used 76687K, committed 78016K, reserved 1179648K
  class space    used 7706K, committed 8256K, reserved 1048576K
}
Event: 17000.523 GC heap after
{Heap after GC invocations=1269 (full 4):
 PSYoungGen      total 22528K, used 288K [0x00000000d5580000, 0x00000000d6e80000, 0x0000000100000000)
  eden space 21504K, 0% used [0x00000000d5580000,0x00000000d5580000,0x00000000d6a80000)
  from space 1024K, 28% used [0x00000000d6c80000,0x00000000d6cc8000,0x00000000d6d80000)
  to   space 512K, 0% used [0x00000000d6e00000,0x00000000d6e00000,0x00000000d6e80000)
 ParOldGen       total 994816K, used 153350K [0x0000000080000000, 0x00000000bcb80000, 0x00000000d5580000)
  object space 994816K, 15% used [0x0000000080000000,0x00000000895c1ad0,0x00000000bcb80000)
 Metaspace       used 76687K, committed 78016K, reserved 1179648K
  class space    used 7706K, committed 8256K, reserved 1048576K
}
Event: 19128.004 GC heap before
{Heap before GC invocations=1270 (full 4):
 PSYoungGen      total 22528K, used 21792K [0x00000000d5580000, 0x00000000d6e80000, 0x0000000100000000)
  eden space 21504K, 100% used [0x00000000d5580000,0x00000000d6a80000,0x00000000d6a80000)
  from space 1024K, 28% used [0x00000000d6c80000,0x00000000d6cc8000,0x00000000d6d80000)
  to   space 512K, 0% used [0x00000000d6e00000,0x00000000d6e00000,0x00000000d6e80000)
 ParOldGen       total 994816K, used 153350K [0x0000000080000000, 0x00000000bcb80000, 0x00000000d5580000)
  object space 994816K, 15% used [0x0000000080000000,0x00000000895c1ad0,0x00000000bcb80000)
 Metaspace       used 76729K, committed 78016K, reserved 1179648K
  class space    used 7706K, committed 8256K, reserved 1048576K
}
Event: 19128.032 GC heap after
{Heap after GC invocations=1270 (full 4):
 PSYoungGen      total 22016K, used 352K [0x00000000d5580000, 0x00000000d6e80000, 0x0000000100000000)
  eden space 21504K, 0% used [0x00000000d5580000,0x00000000d5580000,0x00000000d6a80000)
  from space 512K, 68% used [0x00000000d6e00000,0x00000000d6e58000,0x00000000d6e80000)
  to   space 512K, 0% used [0x00000000d6d80000,0x00000000d6d80000,0x00000000d6e00000)
 ParOldGen       total 994816K, used 153374K [0x0000000080000000, 0x00000000bcb80000, 0x00000000d5580000)
  object space 994816K, 15% used [0x0000000080000000,0x00000000895c7ad0,0x00000000bcb80000)
 Metaspace       used 76729K, committed 78016K, reserved 1179648K
  class space    used 7706K, committed 8256K, reserved 1048576K
}
Event: 19129.165 GC heap before
{Heap before GC invocations=1271 (full 4):
 PSYoungGen      total 22016K, used 21848K [0x00000000d5580000, 0x00000000d6e80000, 0x0000000100000000)
  eden space 21504K, 99% used [0x00000000d5580000,0x00000000d6a7e2b0,0x00000000d6a80000)
  from space 512K, 68% used [0x00000000d6e00000,0x00000000d6e58000,0x00000000d6e80000)
  to   space 512K, 0% used [0x00000000d6d80000,0x00000000d6d80000,0x00000000d6e00000)
 ParOldGen       total 994816K, used 153374K [0x0000000080000000, 0x00000000bcb80000, 0x00000000d5580000)
  object space 994816K, 15% used [0x0000000080000000,0x00000000895c7ad0,0x00000000bcb80000)
 Metaspace       used 77404K, committed 78720K, reserved 1179648K
  class space    used 7816K, committed 8384K, reserved 1048576K
}
Event: 19129.169 GC heap after
{Heap after GC invocations=1271 (full 4):
 PSYoungGen      total 22016K, used 506K [0x00000000d5580000, 0x00000000d6e80000, 0x0000000100000000)
  eden space 21504K, 0% used [0x00000000d5580000,0x00000000d5580000,0x00000000d6a80000)
  from space 512K, 98% used [0x00000000d6d80000,0x00000000d6dfe920,0x00000000d6e00000)
  to   space 512K, 0% used [0x00000000d6e00000,0x00000000d6e00000,0x00000000d6e80000)
 ParOldGen       total 994816K, used 154137K [0x0000000080000000, 0x00000000bcb80000, 0x00000000d5580000)
  object space 994816K, 15% used [0x0000000080000000,0x0000000089686430,0x00000000bcb80000)
 Metaspace       used 77404K, committed 78720K, reserved 1179648K
  class space    used 7816K, committed 8384K, reserved 1048576K
}
Event: 19131.522 GC heap before
{Heap before GC invocations=1272 (full 4):
 PSYoungGen      total 22016K, used 22005K [0x00000000d5580000, 0x00000000d6e80000, 0x0000000100000000)
  eden space 21504K, 99% used [0x00000000d5580000,0x00000000d6a7ec18,0x00000000d6a80000)
  from space 512K, 98% used [0x00000000d6d80000,0x00000000d6dfe920,0x00000000d6e00000)
  to   space 512K, 0% used [0x00000000d6e00000,0x00000000d6e00000,0x00000000d6e80000)
 ParOldGen       total 994816K, used 154137K [0x0000000080000000, 0x00000000bcb80000, 0x00000000d5580000)
  object space 994816K, 15% used [0x0000000080000000,0x0000000089686430,0x00000000bcb80000)
 Metaspace       used 77411K, committed 78784K, reserved 1179648K
  class space    used 7816K, committed 8384K, reserved 1048576K
}
Event: 19131.524 GC heap after
{Heap after GC invocations=1272 (full 4):
 PSYoungGen      total 22016K, used 320K [0x00000000d5580000, 0x00000000d6e80000, 0x0000000100000000)
  eden space 21504K, 0% used [0x00000000d5580000,0x00000000d5580000,0x00000000d6a80000)
  from space 512K, 62% used [0x00000000d6e00000,0x00000000d6e50000,0x00000000d6e80000)
  to   space 1024K, 0% used [0x00000000d6c80000,0x00000000d6c80000,0x00000000d6d80000)
 ParOldGen       total 994816K, used 154669K [0x0000000080000000, 0x00000000bcb80000, 0x00000000d5580000)
  object space 994816K, 15% used [0x0000000080000000,0x000000008970b668,0x00000000bcb80000)
 Metaspace       used 77411K, committed 78784K, reserved 1179648K
  class space    used 7816K, committed 8384K, reserved 1048576K
}
Event: 20483.558 GC heap before
{Heap before GC invocations=1273 (full 4):
 PSYoungGen      total 22016K, used 21824K [0x00000000d5580000, 0x00000000d6e80000, 0x0000000100000000)
  eden space 21504K, 100% used [0x00000000d5580000,0x00000000d6a80000,0x00000000d6a80000)
  from space 512K, 62% used [0x00000000d6e00000,0x00000000d6e50000,0x00000000d6e80000)
  to   space 1024K, 0% used [0x00000000d6c80000,0x00000000d6c80000,0x00000000d6d80000)
 ParOldGen       total 994816K, used 154669K [0x0000000080000000, 0x00000000bcb80000, 0x00000000d5580000)
  object space 994816K, 15% used [0x0000000080000000,0x000000008970b668,0x00000000bcb80000)
 Metaspace       used 77411K, committed 78784K, reserved 1179648K
  class space    used 7816K, committed 8384K, reserved 1048576K
}
Event: 20483.688 GC heap after
{Heap after GC invocations=1273 (full 4):
 PSYoungGen      total 22528K, used 288K [0x00000000d5580000, 0x00000000d6e80000, 0x0000000100000000)
  eden space 21504K, 0% used [0x00000000d5580000,0x00000000d5580000,0x00000000d6a80000)
  from space 1024K, 28% used [0x00000000d6c80000,0x00000000d6cc8000,0x00000000d6d80000)
  to   space 512K, 0% used [0x00000000d6e00000,0x00000000d6e00000,0x00000000d6e80000)
 ParOldGen       total 994816K, used 154749K [0x0000000080000000, 0x00000000bcb80000, 0x00000000d5580000)
  object space 994816K, 15% used [0x0000000080000000,0x000000008971f668,0x00000000bcb80000)
 Metaspace       used 77411K, committed 78784K, reserved 1179648K
  class space    used 7816K, committed 8384K, reserved 1048576K
}
Event: 23284.068 GC heap before
{Heap before GC invocations=1274 (full 4):
 PSYoungGen      total 22528K, used 21792K [0x00000000d5580000, 0x00000000d6e80000, 0x0000000100000000)
  eden space 21504K, 100% used [0x00000000d5580000,0x00000000d6a80000,0x00000000d6a80000)
  from space 1024K, 28% used [0x00000000d6c80000,0x00000000d6cc8000,0x00000000d6d80000)
  to   space 512K, 0% used [0x00000000d6e00000,0x00000000d6e00000,0x00000000d6e80000)
 ParOldGen       total 994816K, used 154749K [0x0000000080000000, 0x00000000bcb80000, 0x00000000d5580000)
  object space 994816K, 15% used [0x0000000080000000,0x000000008971f668,0x00000000bcb80000)
 Metaspace       used 77412K, committed 78784K, reserved 1179648K
  class space    used 7816K, committed 8384K, reserved 1048576K
}
Event: 23284.148 GC heap after
{Heap after GC invocations=1274 (full 4):
 PSYoungGen      total 22016K, used 256K [0x00000000d5580000, 0x00000000d6e80000, 0x0000000100000000)
  eden space 21504K, 0% used [0x00000000d5580000,0x00000000d5580000,0x00000000d6a80000)
  from space 512K, 50% used [0x00000000d6e00000,0x00000000d6e40000,0x00000000d6e80000)
  to   space 512K, 0% used [0x00000000d6d80000,0x00000000d6d80000,0x00000000d6e00000)
 ParOldGen       total 994816K, used 154885K [0x0000000080000000, 0x00000000bcb80000, 0x00000000d5580000)
  object space 994816K, 15% used [0x0000000080000000,0x0000000089741668,0x00000000bcb80000)
 Metaspace       used 77412K, committed 78784K, reserved 1179648K
  class space    used 7816K, committed 8384K, reserved 1048576K
}

