# JRE version: OpenJDK Runtime Environment Temurin-21.0.8+9 (21.0.8+9) (build 21.0.8+9-LTS)
# Java VM: OpenJDK 64-Bit Server VM Temurin-21.0.8+9 (21.0.8+9-LTS, mixed mode, sharing, tiered, compressed oops, compressed class ptrs, parallel gc, windows-amd64)
GC Precious Log:
 CardTable entry size: 512
 CPUs: 12 total, 12 available
 Memory: 7532M
 Large Page Support: Disabled
 NUMA Support: Disabled
 Compressed Oops: Enabled (32-bit)
 Alignments: Space 512K, Generation 512K, Heap 2M
 Heap Min Capacity: 100M
 Heap Initial Capacity: 100M
 Heap Max Capacity: 2G
 Pre-touch: Disabled
 Parallel Workers: 10
Heap:
 PSYoungGen      total 4608K, used 2227K [0x00000000d5580000, 0x00000000d5c00000, 0x0000000100000000)
  eden space 4096K, 42% used [0x00000000d5580000,0x00000000d5734ec8,0x00000000d5980000)
  from space 512K, 93% used [0x00000000d5b80000,0x00000000d5bf8020,0x00000000d5c00000)
  to   space 512K, 0% used [0x00000000d5b00000,0x00000000d5b00000,0x00000000d5b80000)
 ParOldGen       total 1034240K, used 179691K [0x0000000080000000, 0x00000000bf200000, 0x00000000d5580000)
  object space 1034240K, 17% used [0x0000000080000000,0x000000008af7ad30,0x00000000bf200000)
 Metaspace       used 76106K, committed 77824K, reserved 1179648K
  class space    used 7663K, committed 8448K, reserved 1048576K
GC Heap History (20 events):
Event: 5208.760 GC heap before
{Heap before GC invocations=1629 (full 4):
 PSYoungGen      total 4608K, used 4591K [0x00000000d5580000, 0x00000000d5f80000, 0x0000000100000000)
  eden space 3584K, 100% used [0x00000000d5580000,0x00000000d5900000,0x00000000d5900000)
  from space 1024K, 98% used [0x00000000d5c00000,0x00000000d5cfbd00,0x00000000d5d00000)
  to   space 3072K, 0% used [0x00000000d5900000,0x00000000d5900000,0x00000000d5c00000)
 ParOldGen       total 1034240K, used 176038K [0x0000000080000000, 0x00000000bf200000, 0x00000000d5580000)
  object space 1034240K, 17% used [0x0000000080000000,0x000000008abe98a0,0x00000000bf200000)
 Metaspace       used 76001K, committed 77760K, reserved 1179648K
  class space    used 7649K, committed 8448K, reserved 1048576K
}
Event: 5208.762 GC heap after
{Heap after GC invocations=1629 (full 4):
 PSYoungGen      total 5632K, used 1615K [0x00000000d5580000, 0x00000000d5d00000, 0x0000000100000000)
  eden space 3584K, 0% used [0x00000000d5580000,0x00000000d5580000,0x00000000d5900000)
  from space 2048K, 78% used [0x00000000d5900000,0x00000000d5a93d00,0x00000000d5b00000)
  to   space 2048K, 0% used [0x00000000d5b00000,0x00000000d5b00000,0x00000000d5d00000)
 ParOldGen       total 1034240K, used 176286K [0x0000000080000000, 0x00000000bf200000, 0x00000000d5580000)
  object space 1034240K, 17% used [0x0000000080000000,0x000000008ac278a0,0x00000000bf200000)
 Metaspace       used 76001K, committed 77760K, reserved 1179648K
  class space    used 7649K, committed 8448K, reserved 1048576K
}
Event: 5232.940 GC heap before
{Heap before GC invocations=1630 (full 4):
 PSYoungGen      total 5632K, used 5199K [0x00000000d5580000, 0x00000000d5d00000, 0x0000000100000000)
  eden space 3584K, 100% used [0x00000000d5580000,0x00000000d5900000,0x00000000d5900000)
  from space 2048K, 78% used [0x00000000d5900000,0x00000000d5a93d00,0x00000000d5b00000)
  to   space 2048K, 0% used [0x00000000d5b00000,0x00000000d5b00000,0x00000000d5d00000)
 ParOldGen       total 1034240K, used 176286K [0x0000000080000000, 0x00000000bf200000, 0x00000000d5580000)
  object space 1034240K, 17% used [0x0000000080000000,0x000000008ac278a0,0x00000000bf200000)
 Metaspace       used 76001K, committed 77760K, reserved 1179648K
  class space    used 7649K, committed 8448K, reserved 1048576K
}
Event: 5232.941 GC heap after
{Heap after GC invocations=1630 (full 4):
 PSYoungGen      total 4096K, used 320K [0x00000000d5580000, 0x00000000d5b80000, 0x0000000100000000)
  eden space 3584K, 0% used [0x00000000d5580000,0x00000000d5580000,0x00000000d5900000)
  from space 512K, 62% used [0x00000000d5b00000,0x00000000d5b50000,0x00000000d5b80000)
  to   space 1024K, 0% used [0x00000000d5980000,0x00000000d5980000,0x00000000d5a80000)
 ParOldGen       total 1034240K, used 176302K [0x0000000080000000, 0x00000000bf200000, 0x00000000d5580000)
  object space 1034240K, 17% used [0x0000000080000000,0x000000008ac2b8a0,0x00000000bf200000)
 Metaspace       used 76001K, committed 77760K, reserved 1179648K
  class space    used 7649K, committed 8448K, reserved 1048576K
}
Event: 5232.948 GC heap before
{Heap before GC invocations=1631 (full 4):
 PSYoungGen      total 4096K, used 3904K [0x00000000d5580000, 0x00000000d5b80000, 0x0000000100000000)
  eden space 3584K, 100% used [0x00000000d5580000,0x00000000d5900000,0x00000000d5900000)
  from space 512K, 62% used [0x00000000d5b00000,0x00000000d5b50000,0x00000000d5b80000)
  to   space 1024K, 0% used [0x00000000d5980000,0x00000000d5980000,0x00000000d5a80000)
 ParOldGen       total 1034240K, used 176302K [0x0000000080000000, 0x00000000bf200000, 0x00000000d5580000)
  object space 1034240K, 17% used [0x0000000080000000,0x000000008ac2b8a0,0x00000000bf200000)
 Metaspace       used 76008K, committed 77760K, reserved 1179648K
  class space    used 7649K, committed 8448K, reserved 1048576K
}
Event: 5232.958 GC heap after
{Heap after GC invocations=1631 (full 4):
 PSYoungGen      total 5120K, used 967K [0x00000000d5580000, 0x00000000d5d00000, 0x0000000100000000)
  eden space 4096K, 0% used [0x00000000d5580000,0x00000000d5580000,0x00000000d5980000)
  from space 1024K, 94% used [0x00000000d5980000,0x00000000d5a71e80,0x00000000d5a80000)
  to   space 1536K, 0% used [0x00000000d5b80000,0x00000000d5b80000,0x00000000d5d00000)
 ParOldGen       total 1034240K, used 176626K [0x0000000080000000, 0x00000000bf200000, 0x00000000d5580000)
  object space 1034240K, 17% used [0x0000000080000000,0x000000008ac7c920,0x00000000bf200000)
 Metaspace       used 76008K, committed 77760K, reserved 1179648K
  class space    used 7649K, committed 8448K, reserved 1048576K
}
Event: 5232.965 GC heap before
{Heap before GC invocations=1632 (full 4):
 PSYoungGen      total 5120K, used 5059K [0x00000000d5580000, 0x00000000d5d00000, 0x0000000100000000)
  eden space 4096K, 99% used [0x00000000d5580000,0x00000000d597ee70,0x00000000d5980000)
  from space 1024K, 94% used [0x00000000d5980000,0x00000000d5a71e80,0x00000000d5a80000)
  to   space 1536K, 0% used [0x00000000d5b80000,0x00000000d5b80000,0x00000000d5d00000)
 ParOldGen       total 1034240K, used 176626K [0x0000000080000000, 0x00000000bf200000, 0x00000000d5580000)
  object space 1034240K, 17% used [0x0000000080000000,0x000000008ac7c920,0x00000000bf200000)
 Metaspace       used 76008K, committed 77760K, reserved 1179648K
  class space    used 7649K, committed 8448K, reserved 1048576K
}
Event: 5232.967 GC heap after
{Heap after GC invocations=1632 (full 4):
 PSYoungGen      total 6144K, used 736K [0x00000000d5580000, 0x00000000d5c80000, 0x0000000100000000)
  eden space 5120K, 0% used [0x00000000d5580000,0x00000000d5580000,0x00000000d5a80000)
  from space 1024K, 71% used [0x00000000d5b80000,0x00000000d5c38000,0x00000000d5c80000)
  to   space 1024K, 0% used [0x00000000d5a80000,0x00000000d5a80000,0x00000000d5b80000)
 ParOldGen       total 1034240K, used 177122K [0x0000000080000000, 0x00000000bf200000, 0x00000000d5580000)
  object space 1034240K, 17% used [0x0000000080000000,0x000000008acf8920,0x00000000bf200000)
 Metaspace       used 76008K, committed 77760K, reserved 1179648K
  class space    used 7649K, committed 8448K, reserved 1048576K
}
Event: 5232.975 GC heap before
{Heap before GC invocations=1633 (full 4):
 PSYoungGen      total 6144K, used 5856K [0x00000000d5580000, 0x00000000d5c80000, 0x0000000100000000)
  eden space 5120K, 100% used [0x00000000d5580000,0x00000000d5a80000,0x00000000d5a80000)
  from space 1024K, 71% used [0x00000000d5b80000,0x00000000d5c38000,0x00000000d5c80000)
  to   space 1024K, 0% used [0x00000000d5a80000,0x00000000d5a80000,0x00000000d5b80000)
 ParOldGen       total 1034240K, used 177122K [0x0000000080000000, 0x00000000bf200000, 0x00000000d5580000)
  object space 1034240K, 17% used [0x0000000080000000,0x000000008acf8920,0x00000000bf200000)
 Metaspace       used 76008K, committed 77760K, reserved 1179648K
  class space    used 7649K, committed 8448K, reserved 1048576K
}
Event: 5232.977 GC heap after
{Heap after GC invocations=1633 (full 4):
 PSYoungGen      total 6144K, used 218K [0x00000000d5580000, 0x00000000d5c80000, 0x0000000100000000)
  eden space 5120K, 0% used [0x00000000d5580000,0x00000000d5580000,0x00000000d5a80000)
  from space 1024K, 21% used [0x00000000d5a80000,0x00000000d5ab6900,0x00000000d5b80000)
  to   space 512K, 0% used [0x00000000d5c00000,0x00000000d5c00000,0x00000000d5c80000)
 ParOldGen       total 1034240K, used 177738K [0x0000000080000000, 0x00000000bf200000, 0x00000000d5580000)
  object space 1034240K, 17% used [0x0000000080000000,0x000000008ad92920,0x00000000bf200000)
 Metaspace       used 76008K, committed 77760K, reserved 1179648K
  class space    used 7649K, committed 8448K, reserved 1048576K
}
Event: 5232.986 GC heap before
{Heap before GC invocations=1634 (full 4):
 PSYoungGen      total 6144K, used 5338K [0x00000000d5580000, 0x00000000d5c80000, 0x0000000100000000)
  eden space 5120K, 100% used [0x00000000d5580000,0x00000000d5a80000,0x00000000d5a80000)
  from space 1024K, 21% used [0x00000000d5a80000,0x00000000d5ab6900,0x00000000d5b80000)
  to   space 512K, 0% used [0x00000000d5c00000,0x00000000d5c00000,0x00000000d5c80000)
 ParOldGen       total 1034240K, used 177738K [0x0000000080000000, 0x00000000bf200000, 0x00000000d5580000)
  object space 1034240K, 17% used [0x0000000080000000,0x000000008ad92920,0x00000000bf200000)
 Metaspace       used 76017K, committed 77760K, reserved 1179648K
  class space    used 7649K, committed 8448K, reserved 1048576K
}
Event: 5232.990 GC heap after
{Heap after GC invocations=1634 (full 4):
 PSYoungGen      total 4608K, used 495K [0x00000000d5580000, 0x00000000d6080000, 0x0000000100000000)
  eden space 4096K, 0% used [0x00000000d5580000,0x00000000d5580000,0x00000000d5980000)
  from space 512K, 96% used [0x00000000d5c00000,0x00000000d5c7bd00,0x00000000d5c80000)
  to   space 2560K, 0% used [0x00000000d5980000,0x00000000d5980000,0x00000000d5c00000)
 ParOldGen       total 1034240K, used 179062K [0x0000000080000000, 0x00000000bf200000, 0x00000000d5580000)
  object space 1034240K, 17% used [0x0000000080000000,0x000000008aeddb20,0x00000000bf200000)
 Metaspace       used 76017K, committed 77760K, reserved 1179648K
  class space    used 7649K, committed 8448K, reserved 1048576K
}
Event: 5232.997 GC heap before
{Heap before GC invocations=1635 (full 4):
 PSYoungGen      total 4608K, used 4591K [0x00000000d5580000, 0x00000000d6080000, 0x0000000100000000)
  eden space 4096K, 99% used [0x00000000d5580000,0x00000000d597fff8,0x00000000d5980000)
  from space 512K, 96% used [0x00000000d5c00000,0x00000000d5c7bd00,0x00000000d5c80000)
  to   space 2560K, 0% used [0x00000000d5980000,0x00000000d5980000,0x00000000d5c00000)
 ParOldGen       total 1034240K, used 179062K [0x0000000080000000, 0x00000000bf200000, 0x00000000d5580000)
  object space 1034240K, 17% used [0x0000000080000000,0x000000008aeddb20,0x00000000bf200000)
 Metaspace       used 76018K, committed 77760K, reserved 1179648K
  class space    used 7649K, committed 8448K, reserved 1048576K
}
Event: 5232.998 GC heap after
{Heap after GC invocations=1635 (full 4):
 PSYoungGen      total 6656K, used 1199K [0x00000000d5580000, 0x00000000d5d80000, 0x0000000100000000)
  eden space 4096K, 0% used [0x00000000d5580000,0x00000000d5580000,0x00000000d5980000)
  from space 2560K, 46% used [0x00000000d5980000,0x00000000d5aabd00,0x00000000d5c00000)
  to   space 1536K, 0% used [0x00000000d5c00000,0x00000000d5c00000,0x00000000d5d80000)
 ParOldGen       total 1034240K, used 179206K [0x0000000080000000, 0x00000000bf200000, 0x00000000d5580000)
  object space 1034240K, 17% used [0x0000000080000000,0x000000008af01b20,0x00000000bf200000)
 Metaspace       used 76018K, committed 77760K, reserved 1179648K
  class space    used 7649K, committed 8448K, reserved 1048576K
}
Event: 5270.992 GC heap before
{Heap before GC invocations=1636 (full 4):
 PSYoungGen      total 6656K, used 5295K [0x00000000d5580000, 0x00000000d5d80000, 0x0000000100000000)
  eden space 4096K, 100% used [0x00000000d5580000,0x00000000d5980000,0x00000000d5980000)
  from space 2560K, 46% used [0x00000000d5980000,0x00000000d5aabd00,0x00000000d5c00000)
  to   space 1536K, 0% used [0x00000000d5c00000,0x00000000d5c00000,0x00000000d5d80000)
 ParOldGen       total 1034240K, used 179206K [0x0000000080000000, 0x00000000bf200000, 0x00000000d5580000)
  object space 1034240K, 17% used [0x0000000080000000,0x000000008af01b20,0x00000000bf200000)
 Metaspace       used 76018K, committed 77760K, reserved 1179648K
  class space    used 7649K, committed 8448K, reserved 1048576K
}
Event: 5270.993 GC heap after
{Heap after GC invocations=1636 (full 4):
 PSYoungGen      total 4608K, used 224K [0x00000000d5580000, 0x00000000d5c80000, 0x0000000100000000)
  eden space 4096K, 0% used [0x00000000d5580000,0x00000000d5580000,0x00000000d5980000)
  from space 512K, 43% used [0x00000000d5c00000,0x00000000d5c38000,0x00000000d5c80000)
  to   space 1024K, 0% used [0x00000000d5a80000,0x00000000d5a80000,0x00000000d5b80000)
 ParOldGen       total 1034240K, used 179230K [0x0000000080000000, 0x00000000bf200000, 0x00000000d5580000)
  object space 1034240K, 17% used [0x0000000080000000,0x000000008af07b20,0x00000000bf200000)
 Metaspace       used 76018K, committed 77760K, reserved 1179648K
  class space    used 7649K, committed 8448K, reserved 1048576K
}
Event: 5279.593 GC heap before
{Heap before GC invocations=1637 (full 4):
 PSYoungGen      total 4608K, used 4320K [0x00000000d5580000, 0x00000000d5c80000, 0x0000000100000000)
  eden space 4096K, 100% used [0x00000000d5580000,0x00000000d5980000,0x00000000d5980000)
  from space 512K, 43% used [0x00000000d5c00000,0x00000000d5c38000,0x00000000d5c80000)
  to   space 1024K, 0% used [0x00000000d5a80000,0x00000000d5a80000,0x00000000d5b80000)
 ParOldGen       total 1034240K, used 179230K [0x0000000080000000, 0x00000000bf200000, 0x00000000d5580000)
  object space 1034240K, 17% used [0x0000000080000000,0x000000008af07b20,0x00000000bf200000)
 Metaspace       used 76021K, committed 77760K, reserved 1179648K
  class space    used 7649K, committed 8448K, reserved 1048576K
}
Event: 5279.594 GC heap after
{Heap after GC invocations=1637 (full 4):
 PSYoungGen      total 5120K, used 474K [0x00000000d5580000, 0x00000000d5c80000, 0x0000000100000000)
  eden space 4096K, 0% used [0x00000000d5580000,0x00000000d5580000,0x00000000d5980000)
  from space 1024K, 46% used [0x00000000d5a80000,0x00000000d5af6900,0x00000000d5b80000)
  to   space 1024K, 0% used [0x00000000d5b80000,0x00000000d5b80000,0x00000000d5c80000)
 ParOldGen       total 1034240K, used 179294K [0x0000000080000000, 0x00000000bf200000, 0x00000000d5580000)
  object space 1034240K, 17% used [0x0000000080000000,0x000000008af17b20,0x00000000bf200000)
 Metaspace       used 76021K, committed 77760K, reserved 1179648K
  class space    used 7649K, committed 8448K, reserved 1048576K
}
Event: 5379.386 GC heap before
{Heap before GC invocations=1638 (full 4):
 PSYoungGen      total 5120K, used 4570K [0x00000000d5580000, 0x00000000d5c80000, 0x0000000100000000)
  eden space 4096K, 100% used [0x00000000d5580000,0x00000000d5980000,0x00000000d5980000)
  from space 1024K, 46% used [0x00000000d5a80000,0x00000000d5af6900,0x00000000d5b80000)
  to   space 1024K, 0% used [0x00000000d5b80000,0x00000000d5b80000,0x00000000d5c80000)
 ParOldGen       total 1034240K, used 179294K [0x0000000080000000, 0x00000000bf200000, 0x00000000d5580000)
  object space 1034240K, 17% used [0x0000000080000000,0x000000008af17b20,0x00000000bf200000)
 Metaspace       used 76105K, committed 77824K, reserved 1179648K
  class space    used 7663K, committed 8448K, reserved 1048576K
}
Event: 5379.388 GC heap after
{Heap after GC invocations=1638 (full 4):
 PSYoungGen      total 4608K, used 480K [0x00000000d5580000, 0x00000000d5c00000, 0x0000000100000000)
  eden space 4096K, 0% used [0x00000000d5580000,0x00000000d5580000,0x00000000d5980000)
  from space 512K, 93% used [0x00000000d5b80000,0x00000000d5bf8020,0x00000000d5c00000)
  to   space 512K, 0% used [0x00000000d5b00000,0x00000000d5b00000,0x00000000d5b80000)
 ParOldGen       total 1034240K, used 179691K [0x0000000080000000, 0x00000000bf200000, 0x00000000d5580000)
  object space 1034240K, 17% used [0x0000000080000000,0x000000008af7ad30,0x00000000bf200000)
 Metaspace       used 76105K, committed 77824K, reserved 1179648K
  class space    used 7663K, committed 8448K, reserved 1048576K
}

