# JRE version: OpenJDK Runtime Environment Temurin-21.0.8+9 (21.0.8+9) (build 21.0.8+9-LTS)
# Java VM: OpenJDK 64-Bit Server VM Temurin-21.0.8+9 (21.0.8+9-LTS, mixed mode, sharing, tiered, compressed oops, compressed class ptrs, parallel gc, windows-amd64)
GC Precious Log:
 CardTable entry size: 512
 CPUs: 12 total, 12 available
 Memory: 7532M
 Large Page Support: Disabled
 NUMA Support: Disabled
 Compressed Oops: Enabled (32-bit)
 Alignments: Space 512K, Generation 512K, Heap 2M
 Heap Min Capacity: 100M
 Heap Initial Capacity: 100M
 Heap Max Capacity: 2G
 Pre-touch: Disabled
 Parallel Workers: 10
Heap:
 PSYoungGen      total 23552K, used 13687K [0x00000000d5580000, 0x00000000d7280000, 0x0000000100000000)
  eden space 22016K, 57% used [0x00000000d5580000,0x00000000d61c6280,0x00000000d6b00000)
  from space 1536K, 72% used [0x00000000d7100000,0x00000000d7217c68,0x00000000d7280000)
  to   space 3072K, 0% used [0x00000000d6c80000,0x00000000d6c80000,0x00000000d6f80000)
 ParOldGen       total 68608K, used 45996K [0x0000000080000000, 0x0000000084300000, 0x00000000d5580000)
  object space 68608K, 67% used [0x0000000080000000,0x0000000082ceb258,0x0000000084300000)
 Metaspace       used 45879K, committed 46912K, reserved 1114112K
  class space    used 4649K, committed 5120K, reserved 1048576K
GC Heap History (20 events):
Event: 18.282 GC heap before
{Heap before GC invocations=21 (full 2):
 PSYoungGen      total 23552K, used 22016K [0x00000000d5580000, 0x00000000d6f80000, 0x0000000100000000)
  eden space 22016K, 100% used [0x00000000d5580000,0x00000000d6b00000,0x00000000d6b00000)
  from space 1536K, 0% used [0x00000000d6e00000,0x00000000d6e00000,0x00000000d6f80000)
  to   space 2048K, 0% used [0x00000000d6b80000,0x00000000d6b80000,0x00000000d6d80000)
 ParOldGen       total 68608K, used 33388K [0x0000000080000000, 0x0000000084300000, 0x00000000d5580000)
  object space 68608K, 48% used [0x0000000080000000,0x000000008209b390,0x0000000084300000)
 Metaspace       used 35661K, committed 36544K, reserved 1114112K
  class space    used 3641K, committed 4032K, reserved 1048576K
}
Event: 18.298 GC heap after
{Heap after GC invocations=21 (full 2):
 PSYoungGen      total 24064K, used 480K [0x00000000d5580000, 0x00000000d6e80000, 0x0000000100000000)
  eden space 22016K, 0% used [0x00000000d5580000,0x00000000d5580000,0x00000000d6b00000)
  from space 2048K, 23% used [0x00000000d6b80000,0x00000000d6bf8000,0x00000000d6d80000)
  to   space 1024K, 0% used [0x00000000d6d80000,0x00000000d6d80000,0x00000000d6e80000)
 ParOldGen       total 68608K, used 33396K [0x0000000080000000, 0x0000000084300000, 0x00000000d5580000)
  object space 68608K, 48% used [0x0000000080000000,0x000000008209d390,0x0000000084300000)
 Metaspace       used 35661K, committed 36544K, reserved 1114112K
  class space    used 3641K, committed 4032K, reserved 1048576K
}
Event: 19.056 GC heap before
{Heap before GC invocations=22 (full 2):
 PSYoungGen      total 24064K, used 22435K [0x00000000d5580000, 0x00000000d6e80000, 0x0000000100000000)
  eden space 22016K, 99% used [0x00000000d5580000,0x00000000d6af0e70,0x00000000d6b00000)
  from space 2048K, 23% used [0x00000000d6b80000,0x00000000d6bf8000,0x00000000d6d80000)
  to   space 1024K, 0% used [0x00000000d6d80000,0x00000000d6d80000,0x00000000d6e80000)
 ParOldGen       total 68608K, used 33396K [0x0000000080000000, 0x0000000084300000, 0x00000000d5580000)
  object space 68608K, 48% used [0x0000000080000000,0x000000008209d390,0x0000000084300000)
 Metaspace       used 37108K, committed 38080K, reserved 1114112K
  class space    used 3776K, committed 4224K, reserved 1048576K
}
Event: 19.059 GC heap after
{Heap after GC invocations=22 (full 2):
 PSYoungGen      total 23040K, used 1015K [0x00000000d5580000, 0x00000000d7000000, 0x0000000100000000)
  eden space 22016K, 0% used [0x00000000d5580000,0x00000000d5580000,0x00000000d6b00000)
  from space 1024K, 99% used [0x00000000d6d80000,0x00000000d6e7dd20,0x00000000d6e80000)
  to   space 2560K, 0% used [0x00000000d6b00000,0x00000000d6b00000,0x00000000d6d80000)
 ParOldGen       total 68608K, used 34404K [0x0000000080000000, 0x0000000084300000, 0x00000000d5580000)
  object space 68608K, 50% used [0x0000000080000000,0x0000000082199290,0x0000000084300000)
 Metaspace       used 37108K, committed 38080K, reserved 1114112K
  class space    used 3776K, committed 4224K, reserved 1048576K
}
Event: 19.219 GC heap before
{Heap before GC invocations=23 (full 2):
 PSYoungGen      total 23040K, used 23031K [0x00000000d5580000, 0x00000000d7000000, 0x0000000100000000)
  eden space 22016K, 100% used [0x00000000d5580000,0x00000000d6b00000,0x00000000d6b00000)
  from space 1024K, 99% used [0x00000000d6d80000,0x00000000d6e7dd20,0x00000000d6e80000)
  to   space 2560K, 0% used [0x00000000d6b00000,0x00000000d6b00000,0x00000000d6d80000)
 ParOldGen       total 68608K, used 34404K [0x0000000080000000, 0x0000000084300000, 0x00000000d5580000)
  object space 68608K, 50% used [0x0000000080000000,0x0000000082199290,0x0000000084300000)
 Metaspace       used 37127K, committed 38144K, reserved 1114112K
  class space    used 3776K, committed 4224K, reserved 1048576K
}
Event: 19.226 GC heap after
{Heap after GC invocations=23 (full 2):
 PSYoungGen      total 23040K, used 822K [0x00000000d5580000, 0x00000000d6e00000, 0x0000000100000000)
  eden space 22016K, 0% used [0x00000000d5580000,0x00000000d5580000,0x00000000d6b00000)
  from space 1024K, 80% used [0x00000000d6b00000,0x00000000d6bcd868,0x00000000d6c00000)
  to   space 1536K, 0% used [0x00000000d6c80000,0x00000000d6c80000,0x00000000d6e00000)
 ParOldGen       total 68608K, used 35446K [0x0000000080000000, 0x0000000084300000, 0x00000000d5580000)
  object space 68608K, 51% used [0x0000000080000000,0x000000008229dbf0,0x0000000084300000)
 Metaspace       used 37127K, committed 38144K, reserved 1114112K
  class space    used 3776K, committed 4224K, reserved 1048576K
}
Event: 20.315 GC heap before
{Heap before GC invocations=24 (full 2):
 PSYoungGen      total 23040K, used 22838K [0x00000000d5580000, 0x00000000d6e00000, 0x0000000100000000)
  eden space 22016K, 100% used [0x00000000d5580000,0x00000000d6b00000,0x00000000d6b00000)
  from space 1024K, 80% used [0x00000000d6b00000,0x00000000d6bcd868,0x00000000d6c00000)
  to   space 1536K, 0% used [0x00000000d6c80000,0x00000000d6c80000,0x00000000d6e00000)
 ParOldGen       total 68608K, used 35446K [0x0000000080000000, 0x0000000084300000, 0x00000000d5580000)
  object space 68608K, 51% used [0x0000000080000000,0x000000008229dbf0,0x0000000084300000)
 Metaspace       used 39200K, committed 40192K, reserved 1114112K
  class space    used 3977K, committed 4416K, reserved 1048576K
}
Event: 20.317 GC heap after
{Heap after GC invocations=24 (full 2):
 PSYoungGen      total 23040K, used 768K [0x00000000d5580000, 0x00000000d6d80000, 0x0000000100000000)
  eden space 22016K, 0% used [0x00000000d5580000,0x00000000d5580000,0x00000000d6b00000)
  from space 1024K, 75% used [0x00000000d6c80000,0x00000000d6d40000,0x00000000d6d80000)
  to   space 1024K, 0% used [0x00000000d6b00000,0x00000000d6b00000,0x00000000d6c00000)
 ParOldGen       total 68608K, used 35462K [0x0000000080000000, 0x0000000084300000, 0x00000000d5580000)
  object space 68608K, 51% used [0x0000000080000000,0x00000000822a1bf0,0x0000000084300000)
 Metaspace       used 39200K, committed 40192K, reserved 1114112K
  class space    used 3977K, committed 4416K, reserved 1048576K
}
Event: 21.888 GC heap before
{Heap before GC invocations=25 (full 2):
 PSYoungGen      total 23040K, used 22784K [0x00000000d5580000, 0x00000000d6d80000, 0x0000000100000000)
  eden space 22016K, 100% used [0x00000000d5580000,0x00000000d6b00000,0x00000000d6b00000)
  from space 1024K, 75% used [0x00000000d6c80000,0x00000000d6d40000,0x00000000d6d80000)
  to   space 1024K, 0% used [0x00000000d6b00000,0x00000000d6b00000,0x00000000d6c00000)
 ParOldGen       total 68608K, used 35462K [0x0000000080000000, 0x0000000084300000, 0x00000000d5580000)
  object space 68608K, 51% used [0x0000000080000000,0x00000000822a1bf0,0x0000000084300000)
 Metaspace       used 41255K, committed 42176K, reserved 1114112K
  class space    used 4200K, committed 4608K, reserved 1048576K
}
Event: 21.893 GC heap after
{Heap after GC invocations=25 (full 2):
 PSYoungGen      total 23040K, used 1011K [0x00000000d5580000, 0x00000000d7000000, 0x0000000100000000)
  eden space 22016K, 0% used [0x00000000d5580000,0x00000000d5580000,0x00000000d6b00000)
  from space 1024K, 98% used [0x00000000d6b00000,0x00000000d6bfcd98,0x00000000d6c00000)
  to   space 2560K, 0% used [0x00000000d6d80000,0x00000000d6d80000,0x00000000d7000000)
 ParOldGen       total 68608K, used 36365K [0x0000000080000000, 0x0000000084300000, 0x00000000d5580000)
  object space 68608K, 53% used [0x0000000080000000,0x0000000082383508,0x0000000084300000)
 Metaspace       used 41255K, committed 42176K, reserved 1114112K
  class space    used 4200K, committed 4608K, reserved 1048576K
}
Event: 22.479 GC heap before
{Heap before GC invocations=26 (full 2):
 PSYoungGen      total 23040K, used 23027K [0x00000000d5580000, 0x00000000d7000000, 0x0000000100000000)
  eden space 22016K, 100% used [0x00000000d5580000,0x00000000d6b00000,0x00000000d6b00000)
  from space 1024K, 98% used [0x00000000d6b00000,0x00000000d6bfcd98,0x00000000d6c00000)
  to   space 2560K, 0% used [0x00000000d6d80000,0x00000000d6d80000,0x00000000d7000000)
 ParOldGen       total 68608K, used 36365K [0x0000000080000000, 0x0000000084300000, 0x00000000d5580000)
  object space 68608K, 53% used [0x0000000080000000,0x0000000082383508,0x0000000084300000)
 Metaspace       used 41956K, committed 42944K, reserved 1114112K
  class space    used 4255K, committed 4672K, reserved 1048576K
}
Event: 22.496 GC heap after
{Heap after GC invocations=26 (full 2):
 PSYoungGen      total 24064K, used 1904K [0x00000000d5580000, 0x00000000d6f80000, 0x0000000100000000)
  eden space 22016K, 0% used [0x00000000d5580000,0x00000000d5580000,0x00000000d6b00000)
  from space 2048K, 92% used [0x00000000d6d80000,0x00000000d6f5c048,0x00000000d6f80000)
  to   space 2048K, 0% used [0x00000000d6b80000,0x00000000d6b80000,0x00000000d6d80000)
 ParOldGen       total 68608K, used 37209K [0x0000000080000000, 0x0000000084300000, 0x00000000d5580000)
  object space 68608K, 54% used [0x0000000080000000,0x0000000082456420,0x0000000084300000)
 Metaspace       used 41956K, committed 42944K, reserved 1114112K
  class space    used 4255K, committed 4672K, reserved 1048576K
}
Event: 23.118 GC heap before
{Heap before GC invocations=27 (full 2):
 PSYoungGen      total 24064K, used 23920K [0x00000000d5580000, 0x00000000d6f80000, 0x0000000100000000)
  eden space 22016K, 100% used [0x00000000d5580000,0x00000000d6b00000,0x00000000d6b00000)
  from space 2048K, 92% used [0x00000000d6d80000,0x00000000d6f5c048,0x00000000d6f80000)
  to   space 2048K, 0% used [0x00000000d6b80000,0x00000000d6b80000,0x00000000d6d80000)
 ParOldGen       total 68608K, used 37209K [0x0000000080000000, 0x0000000084300000, 0x00000000d5580000)
  object space 68608K, 54% used [0x0000000080000000,0x0000000082456420,0x0000000084300000)
 Metaspace       used 43348K, committed 44480K, reserved 1114112K
  class space    used 4395K, committed 4864K, reserved 1048576K
}
Event: 23.130 GC heap after
{Heap after GC invocations=27 (full 2):
 PSYoungGen      total 24064K, used 2019K [0x00000000d5580000, 0x00000000d7300000, 0x0000000100000000)
  eden space 22016K, 0% used [0x00000000d5580000,0x00000000d5580000,0x00000000d6b00000)
  from space 2048K, 98% used [0x00000000d6b80000,0x00000000d6d78c68,0x00000000d6d80000)
  to   space 4096K, 0% used [0x00000000d6f00000,0x00000000d6f00000,0x00000000d7300000)
 ParOldGen       total 68608K, used 38950K [0x0000000080000000, 0x0000000084300000, 0x00000000d5580000)
  object space 68608K, 56% used [0x0000000080000000,0x0000000082609a88,0x0000000084300000)
 Metaspace       used 43348K, committed 44480K, reserved 1114112K
  class space    used 4395K, committed 4864K, reserved 1048576K
}
Event: 23.694 GC heap before
{Heap before GC invocations=28 (full 2):
 PSYoungGen      total 24064K, used 24035K [0x00000000d5580000, 0x00000000d7300000, 0x0000000100000000)
  eden space 22016K, 100% used [0x00000000d5580000,0x00000000d6b00000,0x00000000d6b00000)
  from space 2048K, 98% used [0x00000000d6b80000,0x00000000d6d78c68,0x00000000d6d80000)
  to   space 4096K, 0% used [0x00000000d6f00000,0x00000000d6f00000,0x00000000d7300000)
 ParOldGen       total 68608K, used 38950K [0x0000000080000000, 0x0000000084300000, 0x00000000d5580000)
  object space 68608K, 56% used [0x0000000080000000,0x0000000082609a88,0x0000000084300000)
 Metaspace       used 43946K, committed 44992K, reserved 1114112K
  class space    used 4434K, committed 4864K, reserved 1048576K
}
Event: 23.700 GC heap after
{Heap after GC invocations=28 (full 2):
 PSYoungGen      total 23552K, used 1360K [0x00000000d5580000, 0x00000000d7080000, 0x0000000100000000)
  eden space 22016K, 0% used [0x00000000d5580000,0x00000000d5580000,0x00000000d6b00000)
  from space 1536K, 88% used [0x00000000d6f00000,0x00000000d7054010,0x00000000d7080000)
  to   space 2560K, 0% used [0x00000000d6b80000,0x00000000d6b80000,0x00000000d6e00000)
 ParOldGen       total 68608K, used 40881K [0x0000000080000000, 0x0000000084300000, 0x00000000d5580000)
  object space 68608K, 59% used [0x0000000080000000,0x00000000827ec4a0,0x0000000084300000)
 Metaspace       used 43946K, committed 44992K, reserved 1114112K
  class space    used 4434K, committed 4864K, reserved 1048576K
}
Event: 50.873 GC heap before
{Heap before GC invocations=29 (full 2):
 PSYoungGen      total 23552K, used 23376K [0x00000000d5580000, 0x00000000d7080000, 0x0000000100000000)
  eden space 22016K, 100% used [0x00000000d5580000,0x00000000d6b00000,0x00000000d6b00000)
  from space 1536K, 88% used [0x00000000d6f00000,0x00000000d7054010,0x00000000d7080000)
  to   space 2560K, 0% used [0x00000000d6b80000,0x00000000d6b80000,0x00000000d6e00000)
 ParOldGen       total 68608K, used 40881K [0x0000000080000000, 0x0000000084300000, 0x00000000d5580000)
  object space 68608K, 59% used [0x0000000080000000,0x00000000827ec4a0,0x0000000084300000)
 Metaspace       used 44265K, committed 45376K, reserved 1114112K
  class space    used 4438K, committed 4928K, reserved 1048576K
}
Event: 50.880 GC heap after
{Heap after GC invocations=29 (full 2):
 PSYoungGen      total 24576K, used 2553K [0x00000000d5580000, 0x00000000d7700000, 0x0000000100000000)
  eden space 22016K, 0% used [0x00000000d5580000,0x00000000d5580000,0x00000000d6b00000)
  from space 2560K, 99% used [0x00000000d6b80000,0x00000000d6dfe760,0x00000000d6e00000)
  to   space 6144K, 0% used [0x00000000d7100000,0x00000000d7100000,0x00000000d7700000)
 ParOldGen       total 68608K, used 43430K [0x0000000080000000, 0x0000000084300000, 0x00000000d5580000)
  object space 68608K, 63% used [0x0000000080000000,0x0000000082a698c0,0x0000000084300000)
 Metaspace       used 44265K, committed 45376K, reserved 1114112K
  class space    used 4438K, committed 4928K, reserved 1048576K
}
Event: 52.846 GC heap before
{Heap before GC invocations=30 (full 2):
 PSYoungGen      total 24576K, used 24569K [0x00000000d5580000, 0x00000000d7700000, 0x0000000100000000)
  eden space 22016K, 99% used [0x00000000d5580000,0x00000000d6afffe0,0x00000000d6b00000)
  from space 2560K, 99% used [0x00000000d6b80000,0x00000000d6dfe760,0x00000000d6e00000)
  to   space 6144K, 0% used [0x00000000d7100000,0x00000000d7100000,0x00000000d7700000)
 ParOldGen       total 68608K, used 43430K [0x0000000080000000, 0x0000000084300000, 0x00000000d5580000)
  object space 68608K, 63% used [0x0000000080000000,0x0000000082a698c0,0x0000000084300000)
 Metaspace       used 45404K, committed 46592K, reserved 1114112K
  class space    used 4585K, committed 5120K, reserved 1048576K
}
Event: 52.851 GC heap after
{Heap after GC invocations=30 (full 2):
 PSYoungGen      total 23552K, used 1119K [0x00000000d5580000, 0x00000000d7280000, 0x0000000100000000)
  eden space 22016K, 0% used [0x00000000d5580000,0x00000000d5580000,0x00000000d6b00000)
  from space 1536K, 72% used [0x00000000d7100000,0x00000000d7217c68,0x00000000d7280000)
  to   space 3072K, 0% used [0x00000000d6c80000,0x00000000d6c80000,0x00000000d6f80000)
 ParOldGen       total 68608K, used 45996K [0x0000000080000000, 0x0000000084300000, 0x00000000d5580000)
  object space 68608K, 67% used [0x0000000080000000,0x0000000082ceb258,0x0000000084300000)
 Metaspace       used 45404K, committed 46592K, reserved 1114112K
  class space    used 4585K, committed 5120K, reserved 1048576K
}

