# JRE version: OpenJDK Runtime Environment Temurin-21.0.8+9 (21.0.8+9) (build 21.0.8+9-LTS)
# Java VM: OpenJDK 64-Bit Server VM Temurin-21.0.8+9 (21.0.8+9-LTS, mixed mode, sharing, tiered, compressed oops, compressed class ptrs, parallel gc, windows-amd64)
GC Precious Log:
 CardTable entry size: 512
 CPUs: 12 total, 12 available
 Memory: 7532M
 Large Page Support: Disabled
 NUMA Support: Disabled
 Compressed Oops: Enabled (32-bit)
 Alignments: Space 512K, Generation 512K, Heap 2M
 Heap Min Capacity: 100M
 Heap Initial Capacity: 100M
 Heap Max Capacity: 2G
 Pre-touch: Disabled
 Parallel Workers: 10
Heap:
 PSYoungGen      total 3584K, used 1038K [0x00000000d5580000, 0x00000000d5980000, 0x0000000100000000)
  eden space 3072K, 19% used [0x00000000d5580000,0x00000000d5618b78,0x00000000d5880000)
  from space 512K, 83% used [0x00000000d5880000,0x00000000d58eb008,0x00000000d5900000)
  to   space 512K, 0% used [0x00000000d5900000,0x00000000d5900000,0x00000000d5980000)
 ParOldGen       total 551424K, used 347554K [0x0000000080000000, 0x00000000a1a80000, 0x00000000d5580000)
  object space 551424K, 63% used [0x0000000080000000,0x0000000095368a48,0x00000000a1a80000)
 Metaspace       used 67123K, committed 68608K, reserved 1114112K
  class space    used 7087K, committed 7744K, reserved 1048576K
GC Heap History (20 events):
Event: 35.241 GC heap before
{Heap before GC invocations=1260 (full 3):
 PSYoungGen      total 2560K, used 2304K [0x00000000d5580000, 0x00000000d5900000, 0x0000000100000000)
  eden space 2048K, 100% used [0x00000000d5580000,0x00000000d5780000,0x00000000d5780000)
  from space 512K, 50% used [0x00000000d5880000,0x00000000d58c0000,0x00000000d5900000)
  to   space 512K, 0% used [0x00000000d5800000,0x00000000d5800000,0x00000000d5880000)
 ParOldGen       total 551424K, used 342443K [0x0000000080000000, 0x00000000a1a80000, 0x00000000d5580000)
  object space 551424K, 62% used [0x0000000080000000,0x0000000094e6add0,0x00000000a1a80000)
 Metaspace       used 67073K, committed 68544K, reserved 1114112K
  class space    used 7081K, committed 7744K, reserved 1048576K
}
Event: 35.243 GC heap after
{Heap after GC invocations=1260 (full 3):
 PSYoungGen      total 2560K, used 496K [0x00000000d5580000, 0x00000000d5980000, 0x0000000100000000)
  eden space 2048K, 0% used [0x00000000d5580000,0x00000000d5580000,0x00000000d5780000)
  from space 512K, 96% used [0x00000000d5800000,0x00000000d587c148,0x00000000d5880000)
  to   space 1024K, 0% used [0x00000000d5880000,0x00000000d5880000,0x00000000d5980000)
 ParOldGen       total 551424K, used 342587K [0x0000000080000000, 0x00000000a1a80000, 0x00000000d5580000)
  object space 551424K, 62% used [0x0000000080000000,0x0000000094e8edf0,0x00000000a1a80000)
 Metaspace       used 67073K, committed 68544K, reserved 1114112K
  class space    used 7081K, committed 7744K, reserved 1048576K
}
Event: 35.267 GC heap before
{Heap before GC invocations=1261 (full 3):
 PSYoungGen      total 2560K, used 2544K [0x00000000d5580000, 0x00000000d5980000, 0x0000000100000000)
  eden space 2048K, 100% used [0x00000000d5580000,0x00000000d5780000,0x00000000d5780000)
  from space 512K, 96% used [0x00000000d5800000,0x00000000d587c148,0x00000000d5880000)
  to   space 1024K, 0% used [0x00000000d5880000,0x00000000d5880000,0x00000000d5980000)
 ParOldGen       total 551424K, used 342587K [0x0000000080000000, 0x00000000a1a80000, 0x00000000d5580000)
  object space 551424K, 62% used [0x0000000080000000,0x0000000094e8edf0,0x00000000a1a80000)
 Metaspace       used 67076K, committed 68544K, reserved 1114112K
  class space    used 7081K, committed 7744K, reserved 1048576K
}
Event: 35.268 GC heap after
{Heap after GC invocations=1261 (full 3):
 PSYoungGen      total 2560K, used 416K [0x00000000d5580000, 0x00000000d5900000, 0x0000000100000000)
  eden space 2048K, 0% used [0x00000000d5580000,0x00000000d5580000,0x00000000d5780000)
  from space 512K, 81% used [0x00000000d5880000,0x00000000d58e8000,0x00000000d5900000)
  to   space 512K, 0% used [0x00000000d5800000,0x00000000d5800000,0x00000000d5880000)
 ParOldGen       total 551424K, used 343018K [0x0000000080000000, 0x00000000a1a80000, 0x00000000d5580000)
  object space 551424K, 62% used [0x0000000080000000,0x0000000094efaa98,0x00000000a1a80000)
 Metaspace       used 67076K, committed 68544K, reserved 1114112K
  class space    used 7081K, committed 7744K, reserved 1048576K
}
Event: 35.274 GC heap before
{Heap before GC invocations=1262 (full 3):
 PSYoungGen      total 2560K, used 2464K [0x00000000d5580000, 0x00000000d5900000, 0x0000000100000000)
  eden space 2048K, 100% used [0x00000000d5580000,0x00000000d5780000,0x00000000d5780000)
  from space 512K, 81% used [0x00000000d5880000,0x00000000d58e8000,0x00000000d5900000)
  to   space 512K, 0% used [0x00000000d5800000,0x00000000d5800000,0x00000000d5880000)
 ParOldGen       total 551424K, used 343018K [0x0000000080000000, 0x00000000a1a80000, 0x00000000d5580000)
  object space 551424K, 62% used [0x0000000080000000,0x0000000094efaa98,0x00000000a1a80000)
 Metaspace       used 67078K, committed 68544K, reserved 1114112K
  class space    used 7082K, committed 7744K, reserved 1048576K
}
Event: 35.276 GC heap after
{Heap after GC invocations=1262 (full 3):
 PSYoungGen      total 2560K, used 475K [0x00000000d5580000, 0x00000000d5900000, 0x0000000100000000)
  eden space 2048K, 0% used [0x00000000d5580000,0x00000000d5580000,0x00000000d5780000)
  from space 512K, 92% used [0x00000000d5800000,0x00000000d5876c08,0x00000000d5880000)
  to   space 512K, 0% used [0x00000000d5880000,0x00000000d5880000,0x00000000d5900000)
 ParOldGen       total 551424K, used 343338K [0x0000000080000000, 0x00000000a1a80000, 0x00000000d5580000)
  object space 551424K, 62% used [0x0000000080000000,0x0000000094f4aa98,0x00000000a1a80000)
 Metaspace       used 67078K, committed 68544K, reserved 1114112K
  class space    used 7082K, committed 7744K, reserved 1048576K
}
Event: 35.283 GC heap before
{Heap before GC invocations=1263 (full 3):
 PSYoungGen      total 2560K, used 2523K [0x00000000d5580000, 0x00000000d5900000, 0x0000000100000000)
  eden space 2048K, 100% used [0x00000000d5580000,0x00000000d5780000,0x00000000d5780000)
  from space 512K, 92% used [0x00000000d5800000,0x00000000d5876c08,0x00000000d5880000)
  to   space 512K, 0% used [0x00000000d5880000,0x00000000d5880000,0x00000000d5900000)
 ParOldGen       total 551424K, used 343338K [0x0000000080000000, 0x00000000a1a80000, 0x00000000d5580000)
  object space 551424K, 62% used [0x0000000080000000,0x0000000094f4aa98,0x00000000a1a80000)
 Metaspace       used 67082K, committed 68544K, reserved 1114112K
  class space    used 7083K, committed 7744K, reserved 1048576K
}
Event: 35.285 GC heap after
{Heap after GC invocations=1263 (full 3):
 PSYoungGen      total 2560K, used 384K [0x00000000d5580000, 0x00000000d5900000, 0x0000000100000000)
  eden space 2048K, 0% used [0x00000000d5580000,0x00000000d5580000,0x00000000d5780000)
  from space 512K, 75% used [0x00000000d5880000,0x00000000d58e0000,0x00000000d5900000)
  to   space 512K, 0% used [0x00000000d5800000,0x00000000d5800000,0x00000000d5880000)
 ParOldGen       total 551424K, used 343661K [0x0000000080000000, 0x00000000a1a80000, 0x00000000d5580000)
  object space 551424K, 62% used [0x0000000080000000,0x0000000094f9b6a0,0x00000000a1a80000)
 Metaspace       used 67082K, committed 68544K, reserved 1114112K
  class space    used 7083K, committed 7744K, reserved 1048576K
}
Event: 35.290 GC heap before
{Heap before GC invocations=1264 (full 3):
 PSYoungGen      total 2560K, used 2432K [0x00000000d5580000, 0x00000000d5900000, 0x0000000100000000)
  eden space 2048K, 100% used [0x00000000d5580000,0x00000000d5780000,0x00000000d5780000)
  from space 512K, 75% used [0x00000000d5880000,0x00000000d58e0000,0x00000000d5900000)
  to   space 512K, 0% used [0x00000000d5800000,0x00000000d5800000,0x00000000d5880000)
 ParOldGen       total 551424K, used 343661K [0x0000000080000000, 0x00000000a1a80000, 0x00000000d5580000)
  object space 551424K, 62% used [0x0000000080000000,0x0000000094f9b6a0,0x00000000a1a80000)
 Metaspace       used 67122K, committed 68608K, reserved 1114112K
  class space    used 7087K, committed 7744K, reserved 1048576K
}
Event: 35.292 GC heap after
{Heap after GC invocations=1264 (full 3):
 PSYoungGen      total 2560K, used 512K [0x00000000d5580000, 0x00000000d5980000, 0x0000000100000000)
  eden space 2048K, 0% used [0x00000000d5580000,0x00000000d5580000,0x00000000d5780000)
  from space 512K, 100% used [0x00000000d5800000,0x00000000d5880000,0x00000000d5880000)
  to   space 1024K, 0% used [0x00000000d5880000,0x00000000d5880000,0x00000000d5980000)
 ParOldGen       total 551424K, used 343957K [0x0000000080000000, 0x00000000a1a80000, 0x00000000d5580000)
  object space 551424K, 62% used [0x0000000080000000,0x0000000094fe56a0,0x00000000a1a80000)
 Metaspace       used 67122K, committed 68608K, reserved 1114112K
  class space    used 7087K, committed 7744K, reserved 1048576K
}
Event: 35.300 GC heap before
{Heap before GC invocations=1265 (full 3):
 PSYoungGen      total 2560K, used 2558K [0x00000000d5580000, 0x00000000d5980000, 0x0000000100000000)
  eden space 2048K, 99% used [0x00000000d5580000,0x00000000d577f8e8,0x00000000d5780000)
  from space 512K, 100% used [0x00000000d5800000,0x00000000d5880000,0x00000000d5880000)
  to   space 1024K, 0% used [0x00000000d5880000,0x00000000d5880000,0x00000000d5980000)
 ParOldGen       total 551424K, used 343957K [0x0000000080000000, 0x00000000a1a80000, 0x00000000d5580000)
  object space 551424K, 62% used [0x0000000080000000,0x0000000094fe56a0,0x00000000a1a80000)
 Metaspace       used 67122K, committed 68608K, reserved 1114112K
  class space    used 7087K, committed 7744K, reserved 1048576K
}
Event: 35.303 GC heap after
{Heap after GC invocations=1265 (full 3):
 PSYoungGen      total 2560K, used 502K [0x00000000d5580000, 0x00000000d5900000, 0x0000000100000000)
  eden space 2048K, 0% used [0x00000000d5580000,0x00000000d5580000,0x00000000d5780000)
  from space 512K, 98% used [0x00000000d5880000,0x00000000d58fd808,0x00000000d5900000)
  to   space 512K, 0% used [0x00000000d5800000,0x00000000d5800000,0x00000000d5880000)
 ParOldGen       total 551424K, used 344325K [0x0000000080000000, 0x00000000a1a80000, 0x00000000d5580000)
  object space 551424K, 62% used [0x0000000080000000,0x00000000950416a0,0x00000000a1a80000)
 Metaspace       used 67122K, committed 68608K, reserved 1114112K
  class space    used 7087K, committed 7744K, reserved 1048576K
}
Event: 35.307 GC heap before
{Heap before GC invocations=1266 (full 3):
 PSYoungGen      total 2560K, used 2550K [0x00000000d5580000, 0x00000000d5900000, 0x0000000100000000)
  eden space 2048K, 100% used [0x00000000d5580000,0x00000000d5780000,0x00000000d5780000)
  from space 512K, 98% used [0x00000000d5880000,0x00000000d58fd808,0x00000000d5900000)
  to   space 512K, 0% used [0x00000000d5800000,0x00000000d5800000,0x00000000d5880000)
 ParOldGen       total 551424K, used 344325K [0x0000000080000000, 0x00000000a1a80000, 0x00000000d5580000)
  object space 551424K, 62% used [0x0000000080000000,0x00000000950416a0,0x00000000a1a80000)
 Metaspace       used 67122K, committed 68608K, reserved 1114112K
  class space    used 7087K, committed 7744K, reserved 1048576K
}
Event: 35.308 GC heap after
{Heap after GC invocations=1266 (full 3):
 PSYoungGen      total 2560K, used 384K [0x00000000d5580000, 0x00000000d5900000, 0x0000000100000000)
  eden space 2048K, 0% used [0x00000000d5580000,0x00000000d5580000,0x00000000d5780000)
  from space 512K, 75% used [0x00000000d5800000,0x00000000d5860000,0x00000000d5880000)
  to   space 512K, 0% used [0x00000000d5880000,0x00000000d5880000,0x00000000d5900000)
 ParOldGen       total 551424K, used 344603K [0x0000000080000000, 0x00000000a1a80000, 0x00000000d5580000)
  object space 551424K, 62% used [0x0000000080000000,0x0000000095086ea8,0x00000000a1a80000)
 Metaspace       used 67122K, committed 68608K, reserved 1114112K
  class space    used 7087K, committed 7744K, reserved 1048576K
}
Event: 35.313 GC heap before
{Heap before GC invocations=1267 (full 3):
 PSYoungGen      total 2560K, used 2432K [0x00000000d5580000, 0x00000000d5900000, 0x0000000100000000)
  eden space 2048K, 100% used [0x00000000d5580000,0x00000000d5780000,0x00000000d5780000)
  from space 512K, 75% used [0x00000000d5800000,0x00000000d5860000,0x00000000d5880000)
  to   space 512K, 0% used [0x00000000d5880000,0x00000000d5880000,0x00000000d5900000)
 ParOldGen       total 551424K, used 344603K [0x0000000080000000, 0x00000000a1a80000, 0x00000000d5580000)
  object space 551424K, 62% used [0x0000000080000000,0x0000000095086ea8,0x00000000a1a80000)
 Metaspace       used 67122K, committed 68608K, reserved 1114112K
  class space    used 7087K, committed 7744K, reserved 1048576K
}
Event: 35.314 GC heap after
{Heap after GC invocations=1267 (full 3):
 PSYoungGen      total 3072K, used 320K [0x00000000d5580000, 0x00000000d5900000, 0x0000000100000000)
  eden space 2560K, 0% used [0x00000000d5580000,0x00000000d5580000,0x00000000d5800000)
  from space 512K, 62% used [0x00000000d5880000,0x00000000d58d0000,0x00000000d5900000)
  to   space 512K, 0% used [0x00000000d5800000,0x00000000d5800000,0x00000000d5880000)
 ParOldGen       total 551424K, used 345560K [0x0000000080000000, 0x00000000a1a80000, 0x00000000d5580000)
  object space 551424K, 62% used [0x0000000080000000,0x0000000095176020,0x00000000a1a80000)
 Metaspace       used 67122K, committed 68608K, reserved 1114112K
  class space    used 7087K, committed 7744K, reserved 1048576K
}
Event: 35.320 GC heap before
{Heap before GC invocations=1268 (full 3):
 PSYoungGen      total 3072K, used 2880K [0x00000000d5580000, 0x00000000d5900000, 0x0000000100000000)
  eden space 2560K, 100% used [0x00000000d5580000,0x00000000d5800000,0x00000000d5800000)
  from space 512K, 62% used [0x00000000d5880000,0x00000000d58d0000,0x00000000d5900000)
  to   space 512K, 0% used [0x00000000d5800000,0x00000000d5800000,0x00000000d5880000)
 ParOldGen       total 551424K, used 345560K [0x0000000080000000, 0x00000000a1a80000, 0x00000000d5580000)
  object space 551424K, 62% used [0x0000000080000000,0x0000000095176020,0x00000000a1a80000)
 Metaspace       used 67122K, committed 68608K, reserved 1114112K
  class space    used 7087K, committed 7744K, reserved 1048576K
}
Event: 35.321 GC heap after
{Heap after GC invocations=1268 (full 3):
 PSYoungGen      total 3072K, used 384K [0x00000000d5580000, 0x00000000d5980000, 0x0000000100000000)
  eden space 2560K, 0% used [0x00000000d5580000,0x00000000d5580000,0x00000000d5800000)
  from space 512K, 75% used [0x00000000d5800000,0x00000000d5860000,0x00000000d5880000)
  to   space 512K, 0% used [0x00000000d5900000,0x00000000d5900000,0x00000000d5980000)
 ParOldGen       total 551424K, used 345712K [0x0000000080000000, 0x00000000a1a80000, 0x00000000d5580000)
  object space 551424K, 62% used [0x0000000080000000,0x000000009519c020,0x00000000a1a80000)
 Metaspace       used 67122K, committed 68608K, reserved 1114112K
  class space    used 7087K, committed 7744K, reserved 1048576K
}
Event: 35.328 GC heap before
{Heap before GC invocations=1269 (full 3):
 PSYoungGen      total 3072K, used 2944K [0x00000000d5580000, 0x00000000d5980000, 0x0000000100000000)
  eden space 2560K, 100% used [0x00000000d5580000,0x00000000d5800000,0x00000000d5800000)
  from space 512K, 75% used [0x00000000d5800000,0x00000000d5860000,0x00000000d5880000)
  to   space 512K, 0% used [0x00000000d5900000,0x00000000d5900000,0x00000000d5980000)
 ParOldGen       total 551424K, used 345712K [0x0000000080000000, 0x00000000a1a80000, 0x00000000d5580000)
  object space 551424K, 62% used [0x0000000080000000,0x000000009519c020,0x00000000a1a80000)
 Metaspace       used 67122K, committed 68608K, reserved 1114112K
  class space    used 7087K, committed 7744K, reserved 1048576K
}
Event: 35.330 GC heap after
{Heap after GC invocations=1269 (full 3):
 PSYoungGen      total 3584K, used 486K [0x00000000d5580000, 0x00000000d5980000, 0x0000000100000000)
  eden space 3072K, 0% used [0x00000000d5580000,0x00000000d5580000,0x00000000d5880000)
  from space 512K, 95% used [0x00000000d5900000,0x00000000d5979aa0,0x00000000d5980000)
  to   space 512K, 0% used [0x00000000d5880000,0x00000000d5880000,0x00000000d5900000)
 ParOldGen       total 551424K, used 346698K [0x0000000080000000, 0x00000000a1a80000, 0x00000000d5580000)
  object space 551424K, 62% used [0x0000000080000000,0x0000000095292a48,0x00000000a1a80000)
 Metaspace       used 67122K, committed 68608K, reserved 1114112K
  class space    used 7087K, committed 7744K, reserved 1048576K
}

